<?xml version="1.0" encoding="UTF-8"?>
<!-- Generated by org.testng.reporters.JUnitXMLReporter -->
<testsuite ignored="0" hostname="DESKTOP-EPC73PQ" failures="1" tests="6" name="Command line test" time="0.092" errors="0" timestamp="2023-05-12T08:53:54 IST">
  <testcase classname="Testscenarios.Testjsonprocessor" name="ConvertJsonToString" time="0.025"/>
  <testcase classname="Testscenarios.Testjsonprocessor" name="testInvalidJsonString" time="0.001">
    <failure type="org.json.JSONException" message="Missing value at 16 [character 17 line 1]">
      <![CDATA[org.json.JSONException: Missing value at 16 [character 17 line 1]
at org.json.JSONTokener.syntaxError(JSONTokener.java:507)
at org.json.JSONTokener.nextValue(JSONTokener.java:457)
at org.json.JSONObject.<init>(JSONObject.java:233)
at org.json.JSONObject.<init>(JSONObject.java:406)
at Testscenarios.Testjsonprocessor.testInvalidJsonString(Testjsonprocessor.java:36)
at java.base/java.util.ArrayList.forEach(ArrayList.java:1511)
... Removed 37 stack frames]]>
    </failure>
  </testcase> <!-- testInvalidJsonString -->
  <testcase classname="Testscenarios.Testjsonprocessor" name="testValidJsonString" time="0.001"/>
  <testcase classname="Testscenarios.Testsumadddigit" name="checkmaxnumber" time="0.001"/>
  <testcase classname="Testscenarios.Testsumadddigit" name="checksingleDigit" time="0.0"/>
  <testcase classname="Testscenarios.Testsumadddigit" name="checkzero" time="0.0"/>
</testsuite> <!-- Command line test -->
