<?xml version="1.0" encoding="UTF-8"?>
<testng-results ignored="0" total="6" passed="5" failed="1" skipped="0">
  <reporter-output>
  </reporter-output>
  <suite started-at="2023-05-12T08:53:54 IST" name="Command line suite" finished-at="2023-05-12T08:53:54 IST" duration-ms="92">
    <groups>
    </groups>
    <test started-at="2023-05-12T08:53:54 IST" name="Command line test" finished-at="2023-05-12T08:53:54 IST" duration-ms="92">
      <class name="Testscenarios.Testsumadddigit">
        <test-method signature="checkmaxnumber()[pri:0, instance:Testscenarios.Testsumadddigit@41d477ed]" started-at="2023-05-12T08:53:54 IST" name="checkmaxnumber" finished-at="2023-05-12T08:53:54 IST" duration-ms="1" status="PASS">
          <reporter-output>
          </reporter-output>
        </test-method> <!-- checkmaxnumber -->
        <test-method signature="checksingleDigit()[pri:0, instance:Testscenarios.Testsumadddigit@41d477ed]" started-at="2023-05-12T08:53:54 IST" name="checksingleDigit" finished-at="2023-05-12T08:53:54 IST" duration-ms="0" status="PASS">
          <reporter-output>
          </reporter-output>
        </test-method> <!-- checksingleDigit -->
        <test-method signature="checkzero()[pri:0, instance:Testscenarios.Testsumadddigit@41d477ed]" started-at="2023-05-12T08:53:54 IST" name="checkzero" finished-at="2023-05-12T08:53:54 IST" duration-ms="0" status="PASS">
          <reporter-output>
          </reporter-output>
        </test-method> <!-- checkzero -->
      </class> <!-- Testscenarios.Testsumadddigit -->
      <class name="Testscenarios.Testjsonprocessor">
        <test-method signature="ConvertJsonToString()[pri:0, instance:Testscenarios.Testjsonprocessor@368f2016]" started-at="2023-05-12T08:53:54 IST" name="ConvertJsonToString" finished-at="2023-05-12T08:53:54 IST" duration-ms="25" status="PASS">
          <reporter-output>
          </reporter-output>
        </test-method> <!-- ConvertJsonToString -->
        <test-method signature="testInvalidJsonString()[pri:0, instance:Testscenarios.Testjsonprocessor@368f2016]" started-at="2023-05-12T08:53:54 IST" name="testInvalidJsonString" finished-at="2023-05-12T08:53:54 IST" duration-ms="1" status="FAIL">
          <exception class="org.json.JSONException">
            <message>
              <![CDATA[Missing value at 16 [character 17 line 1]]]>
            </message>
            <full-stacktrace>
              <![CDATA[org.json.JSONException: Missing value at 16 [character 17 line 1]
at org.json.JSONTokener.syntaxError(JSONTokener.java:507)
at org.json.JSONTokener.nextValue(JSONTokener.java:457)
at org.json.JSONObject.<init>(JSONObject.java:233)
at org.json.JSONObject.<init>(JSONObject.java:406)
at Testscenarios.Testjsonprocessor.testInvalidJsonString(Testjsonprocessor.java:36)
at java.base/jdk.internal.reflect.NativeMethodAccessorImpl.invoke0(Native Method)
at java.base/jdk.internal.reflect.NativeMethodAccessorImpl.invoke(NativeMethodAccessorImpl.java:77)
at java.base/jdk.internal.reflect.DelegatingMethodAccessorImpl.invoke(DelegatingMethodAccessorImpl.java:43)
at java.base/java.lang.reflect.Method.invoke(Method.java:568)
at org.testng.internal.invokers.MethodInvocationHelper.invokeMethod(MethodInvocationHelper.java:139)
at org.testng.internal.invokers.TestInvoker.invokeMethod(TestInvoker.java:677)
at org.testng.internal.invokers.TestInvoker.invokeTestMethod(TestInvoker.java:221)
at org.testng.internal.invokers.MethodRunner.runInSequence(MethodRunner.java:50)
at org.testng.internal.invokers.TestInvoker$MethodInvocationAgent.invoke(TestInvoker.java:969)
at org.testng.internal.invokers.TestInvoker.invokeTestMethods(TestInvoker.java:194)
at org.testng.internal.invokers.TestMethodWorker.invokeTestMethods(TestMethodWorker.java:148)
at org.testng.internal.invokers.TestMethodWorker.run(TestMethodWorker.java:128)
at java.base/java.util.ArrayList.forEach(ArrayList.java:1511)
at org.testng.TestRunner.privateRun(TestRunner.java:829)
at org.testng.TestRunner.run(TestRunner.java:602)
at org.testng.SuiteRunner.runTest(SuiteRunner.java:437)
at org.testng.SuiteRunner.runSequentially(SuiteRunner.java:431)
at org.testng.SuiteRunner.privateRun(SuiteRunner.java:391)
at org.testng.SuiteRunner.run(SuiteRunner.java:330)
at org.testng.SuiteRunnerWorker.runSuite(SuiteRunnerWorker.java:52)
at org.testng.SuiteRunnerWorker.run(SuiteRunnerWorker.java:95)
at org.testng.TestNG.runSuitesSequentially(TestNG.java:1256)
at org.testng.TestNG.runSuitesLocally(TestNG.java:1176)
at org.testng.TestNG.runSuites(TestNG.java:1099)
at org.testng.TestNG.run(TestNG.java:1067)
at org.apache.maven.surefire.testng.TestNGExecutor.run(TestNGExecutor.java:77)
at org.apache.maven.surefire.testng.TestNGDirectoryTestSuite.executeMulti(TestNGDirectoryTestSuite.java:159)
at org.apache.maven.surefire.testng.TestNGDirectoryTestSuite.execute(TestNGDirectoryTestSuite.java:99)
at org.apache.maven.surefire.testng.TestNGProvider.invoke(TestNGProvider.java:106)
at java.base/jdk.internal.reflect.NativeMethodAccessorImpl.invoke0(Native Method)
at java.base/jdk.internal.reflect.NativeMethodAccessorImpl.invoke(NativeMethodAccessorImpl.java:77)
at java.base/jdk.internal.reflect.DelegatingMethodAccessorImpl.invoke(DelegatingMethodAccessorImpl.java:43)
at java.base/java.lang.reflect.Method.invoke(Method.java:568)
at org.apache.maven.surefire.util.ReflectionUtils.invokeMethodWithArray(ReflectionUtils.java:189)
at org.apache.maven.surefire.booter.ProviderFactory$ProviderProxy.invoke(ProviderFactory.java:165)
at org.apache.maven.surefire.booter.ProviderFactory.invokeProvider(ProviderFactory.java:85)
at org.apache.maven.surefire.booter.ForkedBooter.runSuitesInProcess(ForkedBooter.java:115)
at org.apache.maven.surefire.booter.ForkedBooter.main(ForkedBooter.java:75)
]]>
            </full-stacktrace>
          </exception> <!-- org.json.JSONException -->
          <reporter-output>
          </reporter-output>
        </test-method> <!-- testInvalidJsonString -->
        <test-method signature="testValidJsonString()[pri:0, instance:Testscenarios.Testjsonprocessor@368f2016]" started-at="2023-05-12T08:53:54 IST" name="testValidJsonString" finished-at="2023-05-12T08:53:54 IST" duration-ms="1" status="PASS">
          <reporter-output>
          </reporter-output>
        </test-method> <!-- testValidJsonString -->
      </class> <!-- Testscenarios.Testjsonprocessor -->
    </test> <!-- Command line test -->
  </suite> <!-- Command line suite -->
</testng-results>
